********************************************************************************
PACKAGE-LOG: 2015-11-23 20:49:18
NOTICE: Do NOT post to public sites or forums 
********************************************************************************
VERSION:	0.5.34
WORDPRESS:	4.3.1
PHP INFO:	5.6.10 | SAPI: apache2handler
SERVER:		Apache/2.2.29 (Unix) mod_wsgi/3.5 Python/2.7.10 PHP/5.6.10 mod_ssl/2.2.29 OpenSSL/0.9.8zg DAV/2 mod_fastcgi/2.4.6 mod_perl/2.0.9 Perl/v5.22.0 
PHP TIME LIMIT: (0) no time limit imposed 
PHP MAX MEMORY: 5000M (128M default) 
MEMORY STACK: 38.25MB 

********************************************************************************
DATABASE:
********************************************************************************
BUILD MODE:   PHP(query limit - 100)
MYSQLTIMEOUT: 5000
MYSQLDUMP:    Not Supported 
TABLES: total:22 | filtered:0 | create:22 
FILTERED: [] 
SQL CREATED: JMMC_56537b8f9c3b43131151123204815_database.sql 
file size:2294053 
SQL FILE SIZE: 2.19MB 
SQL FILE TIME: 2015-11-23 20:49:19 
SQL RUNTIME: 0.23 sec. 

******************************************************************************** 
ARCHIVE (ZIP): 
******************************************************************************** 
ARCHIVE DIR:  /Users/artist/Documents/WP_Projects/JMMC_Corp-Site 
ARCHIVE FILE: JMMC_56537b8f9c3b43131151123204815_archive.zip 
FILTERS: *ON* 
DIRS:  /Users/Rick/Documents/__Websites/JMMC_Corp-Site/.git;/Users/artist/Documents/WP_Projects/JMMC_Corp-Site/.git; 
EXTS:  not set 
---------------------------------------- 
COMPRESSING 
SIZE:	91.66MB 
STATS:	Dirs 541 | Files 5,908 
SQL ADDED: JMMC_56537b8f9c3b43131151123204815_database.sql 
ZipArchive Object
(
    [status] => 0
    [statusSys] => 0
    [numFiles] => 6449
    [filename] => /Users/artist/Documents/WP_Projects/JMMC_Corp-Site/wp-snapshots/tmp/JMMC_56537b8f9c3b43131151123204815_archive.zip
    [comment] => 
)
 
COMPRESSION RESULT: '1' 
COMPRESSED SIZE: 38.96MB 
ARCHIVE RUNTIME: 21.01 sec. 
MEMORY STACK: 41.25MB 

******************************************************************************** 
MAKE INSTALLER: 
******************************************************************************** 
Build Start 
Build Finished 
Preping for use 
Template parsed with new data 
Complete [/Users/artist/Documents/WP_Projects/JMMC_Corp-Site/wp-snapshots/tmp/JMMC_56537b8f9c3b43131151123204815_installer.php] 
Added to archive 

******************************************************************************** 
INTEGRITY CHECKS: 
******************************************************************************** 
SQL File: 2.19MB 
Installer File: 318.01KB 
Archive File: 38.96MB  

********************************************************************************
RECORD ID:[4]
TOTAL PROCESS RUNTIME: 22.18 sec.
PEAK PHP MEMORY USED: 43.25MB
DONE PROCESSING => JMMC 2015-11-23 20:49:41
 
