********************************************************************************
PACKAGE-LOG: 2015-11-19 22:44:44
NOTICE: Do NOT post to public sites or forums 
********************************************************************************
VERSION:	0.5.34
WORDPRESS:	4.3.1
PHP INFO:	5.6.10 | SAPI: apache2handler
SERVER:		Apache/2.2.29 (Unix) mod_wsgi/3.5 Python/2.7.10 PHP/5.6.10 mod_ssl/2.2.29 OpenSSL/0.9.8zg DAV/2 mod_fastcgi/2.4.6 mod_perl/2.0.9 Perl/v5.22.0 
PHP TIME LIMIT: (0) no time limit imposed 
PHP MAX MEMORY: 5000M (128M default) 
MEMORY STACK: 38.25MB 

********************************************************************************
DATABASE:
********************************************************************************
BUILD MODE:   PHP(query limit - 100)
MYSQLTIMEOUT: 5000
MYSQLDUMP:    Not Supported 
TABLES: total:22 | filtered:0 | create:22 
FILTERED: [] 
SQL CREATED: JMMC_564e50ca8984f6959151119224426_database.sql 
file size:1968841 
SQL FILE SIZE: 1.88MB 
SQL FILE TIME: 2015-11-19 22:44:44 
SQL RUNTIME: 0.17 sec. 

******************************************************************************** 
ARCHIVE (ZIP): 
******************************************************************************** 
ARCHIVE DIR:  /Users/Rick/Documents/__Websites/JMMC_Corp-Site 
ARCHIVE FILE: JMMC_564e50ca8984f6959151119224426_archive.zip 
FILTERS: *ON* 
DIRS:  /Users/Rick/Documents/__Websites/JMMC_Corp-Site/.git; 
EXTS:  not set 
---------------------------------------- 
COMPRESSING 
SIZE:	88.98MB 
STATS:	Dirs 536 | Files 5,869 
SQL ADDED: JMMC_564e50ca8984f6959151119224426_database.sql 
ZipArchive Object
(
    [status] => 0
    [statusSys] => 0
    [numFiles] => 6405
    [filename] => /Users/Rick/Documents/__Websites/JMMC_Corp-Site/wp-snapshots/tmp/JMMC_564e50ca8984f6959151119224426_archive.zip
    [comment] => 
)
 
COMPRESSION RESULT: '1' 
COMPRESSED SIZE: 36.37MB 
ARCHIVE RUNTIME: 17.97 sec. 
MEMORY STACK: 41.25MB 

******************************************************************************** 
MAKE INSTALLER: 
******************************************************************************** 
Build Start 
Build Finished 
Preping for use 
Template parsed with new data 
Complete [/Users/Rick/Documents/__Websites/JMMC_Corp-Site/wp-snapshots/tmp/JMMC_564e50ca8984f6959151119224426_installer.php] 
Added to archive 

******************************************************************************** 
INTEGRITY CHECKS: 
******************************************************************************** 
SQL File: 1.88MB 
Installer File: 318KB 
Archive File: 36.37MB  

********************************************************************************
RECORD ID:[3]
TOTAL PROCESS RUNTIME: 19.00 sec.
PEAK PHP MEMORY USED: 43.25MB
DONE PROCESSING => JMMC 2015-11-19 22:45:03
 
