********************************************************************************
PACKAGE-LOG: 2015-12-10 21:49:13
NOTICE: Do NOT post to public sites or forums 
********************************************************************************
VERSION:	1.1.0
WORDPRESS:	4.4
PHP INFO:	5.6.10 | SAPI: apache2handler
SERVER:		Apache/2.2.29 (Unix) mod_wsgi/3.5 Python/2.7.10 PHP/5.6.10 mod_ssl/2.2.29 OpenSSL/0.9.8zg DAV/2 mod_fastcgi/2.4.6 mod_perl/2.0.9 Perl/v5.22.0 
PHP TIME LIMIT: (0) no time limit imposed 
PHP MAX MEMORY: 5000M (128M default) 
MEMORY STACK: 40MB 

********************************************************************************
DATABASE:
********************************************************************************
BUILD MODE:   PHP(query limit - 100)
MYSQLTIMEOUT: 5000
MYSQLDUMP:    Not Supported 
TABLES: total:23 | filtered:0 | create:23 
FILTERED: [] 
SQL CREATED: JMMC_5669f34bd4d9b2909151210214859_database.sql 
SQL FILE SIZE: 2.29MB (2406113) 
SQL FILE TIME: 2015-12-10 21:49:13 
SQL RUNTIME: 0.37 sec. 

******************************************************************************** 
ARCHIVE (ZIP): 
******************************************************************************** 
ARCHIVE DIR:  /Users/artist/Documents/WP_Projects/JMMC_Corp-Site 
ARCHIVE FILE: JMMC_5669f34bd4d9b2909151210214859_archive.zip 
FILTERS: *ON* 
DIRS:  /Users/Rick/Documents/__Websites/JMMC_Corp-Site/.git;/Users/artist/Documents/WP_Projects/JMMC_Corp-Site/.git; 
EXTS:  not set 
---------------------------------------- 
COMPRESSING 
SIZE:	105.64MB 
STATS:	Dirs 563 | Files 6,352 
SQL ADDED: JMMC_5669f34bd4d9b2909151210214859_database.sql 
ZipArchive Object
(
    [status] => 0
    [statusSys] => 0
    [numFiles] => 6915
    [filename] => /Users/artist/Documents/WP_Projects/JMMC_Corp-Site/wp-snapshots/tmp/JMMC_5669f34bd4d9b2909151210214859_archive.zip
    [comment] => 
)
 
COMPRESSION RESULT: '1' 
COMPRESSED SIZE: 51.38MB 
ARCHIVE RUNTIME: 24.11 sec. 
MEMORY STACK: 43.25MB 

******************************************************************************** 
MAKE INSTALLER: 
******************************************************************************** 
Build Start 
Build Finished 
Preping for use 
Template parsed with new data 
Complete [/Users/artist/Documents/WP_Projects/JMMC_Corp-Site/wp-snapshots/tmp/JMMC_5669f34bd4d9b2909151210214859_installer.php] 
Added to archive 

******************************************************************************** 
INTEGRITY CHECKS: 
******************************************************************************** 
SQL File: 2.29MB 
Installer File: 318.88KB 
Archive File: 51.38MB  

********************************************************************************
RECORD ID:[5]
TOTAL PROCESS RUNTIME: 26.02 sec.
PEAK PHP MEMORY USED: 45.25MB
DONE PROCESSING => JMMC 2015-12-10 21:49:39
 
